2016-10-10 10:51:42 INFO  HttpRequestTest:21 - Test
2016-10-10 15:17:56 INFO  HttpRequestTest:21 - Test
2016-10-10 15:19:12 INFO  HttpRequestTest:21 - Test
2016-10-10 15:34:51 INFO  HttpUtil:37 - PostRequest1 - Attempting POST Request with params: username=mockUser&password=mockPass
2016-10-10 16:02:13 INFO  HttpUtil:37 - PostRequest1 - Attempting POST Request with params: username=mockUser&password=mockPass
2016-10-10 16:31:51 INFO  TMKIntegration:24 - START Function : TMKIntegrationTest
2016-10-10 16:34:51 INFO  TMKIntegration:24 - START Function : TMKIntegrationTest
2016-10-10 16:34:59 INFO  IncidentController:26 - START IncidentController: makeRequestWithJson()
2016-10-10 16:35:06 INFO  IncidentController:29 - END IncidentController: makeRequestWithJson()
2016-10-10 16:35:06 INFO  IncidentController:30 - #################RESPONSE JSON#################
2016-10-10 16:35:08 INFO  IncidentController:31 - {"EN_WORKORDERID":"52501","EN_REQUESTER":"SourabhTest","EN_CREATEDBY":"Verma, Sourabh","EN_CREATEDTIME":"1475184422971","EN_DUEBYTIME":"1475242022971","EN_RESPONSEDUEBYTIME":"1475185322971","EN_FR_DUETIME":"1475185322971","EN_RESPONDEDTIME":"0","EN_RESOLVEDTIME":"0","EN_COMPLETEDTIME":"0","EN_SHORTDESCRIPTION":"test","EN_TIMESPENTONREQ":"0hrs 0min","EN_SUBJECT":"test","EN_REQUESTTEMPLATE":"Default Request","EN_MODE":"Phone Call","EN_SLA":"P1","EN_DEPARTMENT":"","EN_IS_CATALOG_TEMPLATE":"false","EN_SITE":"","EN_ISVIPUSER":"No","EN_CATEGORY":"Application VBS","EN_SUBCATEGORY":"","EN_ITEM":"","EN_TECHNICIAN":"","EN_TECHNICIAN_LOGINNAME":"-","EN_STATUS":"On Hold","EN_PRIORITY":"P1","EN_LEVEL":"Incident","EN_CLOSURECODE":"","EN_CLOSURECOMMENTS":"","EN_YETTOREPLYCOUNT":"","EN_GROUP":"1Ensono Bridge Group","EN_DESCRIPTION":"test","Business Unit":"Employer Medical","Was a KA used":"No","Needs Review":"No","EN_Reason":""}
2016-10-10 16:35:09 INFO  IncidentController:32 - #################RESPONSE JSON#################
2016-10-10 16:35:12 INFO  IncidentController:37 - START IncidentController: makeRequestWithXML()
2016-10-10 16:35:12 INFO  IncidentController:40 - END IncidentController: makeRequestWithXML()
2016-10-10 16:35:12 INFO  IncidentController:41 - #################RESPONSE XML#################
2016-10-10 16:35:12 INFO  IncidentController:42 - <EN_WORKORDERID>52501</EN_WORKORDERID><EN_REQUESTER>SourabhTest</EN_REQUESTER><EN_CREATEDBY>Verma, Sourabh</EN_CREATEDBY><EN_CREATEDTIME>1475184422971</EN_CREATEDTIME><EN_DUEBYTIME>1475242022971</EN_DUEBYTIME><EN_RESPONSEDUEBYTIME>1475185322971</EN_RESPONSEDUEBYTIME><EN_FR_DUETIME>1475185322971</EN_FR_DUETIME><EN_RESPONDEDTIME>0</EN_RESPONDEDTIME><EN_RESOLVEDTIME>0</EN_RESOLVEDTIME><EN_COMPLETEDTIME>0</EN_COMPLETEDTIME><EN_SHORTDESCRIPTION>test</EN_SHORTDESCRIPTION><EN_TIMESPENTONREQ>0hrs 0min</EN_TIMESPENTONREQ><EN_SUBJECT>test</EN_SUBJECT><EN_REQUESTTEMPLATE>Default Request</EN_REQUESTTEMPLATE><EN_MODE>Phone Call</EN_MODE><EN_SLA>P1</EN_SLA><EN_DEPARTMENT/><EN_IS_CATALOG_TEMPLATE>false</EN_IS_CATALOG_TEMPLATE><EN_SITE/><EN_ISVIPUSER>No</EN_ISVIPUSER><EN_CATEGORY>Application VBS</EN_CATEGORY><EN_SUBCATEGORY/><EN_ITEM/><EN_TECHNICIAN/><EN_TECHNICIAN_LOGINNAME>-</EN_TECHNICIAN_LOGINNAME><EN_STATUS>On Hold</EN_STATUS><EN_PRIORITY>P1</EN_PRIORITY><EN_LEVEL>Incident</EN_LEVEL><EN_CLOSURECODE/><EN_CLOSURECOMMENTS/><EN_YETTOREPLYCOUNT/><EN_GROUP>1Ensono Bridge Group</EN_GROUP><EN_DESCRIPTION>test</EN_DESCRIPTION><Business Unit>Employer Medical</Business Unit><Was a KA used>No</Was a KA used><Needs Review>No</Needs Review><EN_Reason/>
2016-10-10 16:35:12 INFO  IncidentController:43 - #################RESPONSE XML#################
2016-10-10 16:35:12 INFO  TMKIntegration:49 - End Function : TMKIntegrationTest
2016-10-10 16:40:25 INFO  TMKIntegration:26 - START Function : TMKIntegrationTest
2016-10-10 16:40:31 INFO  TMKIntegration:32 - START : execute : com.gt.mesd.integration.TMKIntegration
2016-10-10 16:40:42 INFO  IncidentController:26 - START IncidentController: makeRequestWithJson()
2016-10-10 16:40:42 INFO  IncidentController:29 - END IncidentController: makeRequestWithJson()
2016-10-10 16:40:42 INFO  IncidentController:30 - #################RESPONSE JSON#################
2016-10-10 16:40:42 INFO  IncidentController:31 - {"EN_WORKORDERID":"52501","EN_REQUESTER":"SourabhTest","EN_CREATEDBY":"Verma, Sourabh","EN_CREATEDTIME":"1475184422971","EN_DUEBYTIME":"1475242022971","EN_RESPONSEDUEBYTIME":"1475185322971","EN_FR_DUETIME":"1475185322971","EN_RESPONDEDTIME":"0","EN_RESOLVEDTIME":"0","EN_COMPLETEDTIME":"0","EN_SHORTDESCRIPTION":"test","EN_TIMESPENTONREQ":"0hrs 0min","EN_SUBJECT":"test","EN_REQUESTTEMPLATE":"Default Request","EN_MODE":"Phone Call","EN_SLA":"P1","EN_DEPARTMENT":"","EN_IS_CATALOG_TEMPLATE":"false","EN_SITE":"","EN_ISVIPUSER":"No","EN_CATEGORY":"Application VBS","EN_SUBCATEGORY":"","EN_ITEM":"","EN_TECHNICIAN":"","EN_TECHNICIAN_LOGINNAME":"-","EN_STATUS":"On Hold","EN_PRIORITY":"P1","EN_LEVEL":"Incident","EN_CLOSURECODE":"","EN_CLOSURECOMMENTS":"","EN_YETTOREPLYCOUNT":"","EN_GROUP":"1Ensono Bridge Group","EN_DESCRIPTION":"test","Business Unit":"Employer Medical","Was a KA used":"No","Needs Review":"No","EN_Reason":""}
2016-10-10 16:40:42 INFO  IncidentController:32 - #################RESPONSE JSON#################
2016-10-10 16:40:43 INFO  TMKIntegration:66 - START : execute : com.gt.mesd.integration.TMKIntegrationWith JSON REQUEST : {"WORKORDERID":"52501","REQUESTER":"SourabhTest","CREATEDBY":"Verma, Sourabh","CREATEDTIME":"1475184422971","DUEBYTIME":"1475242022971","RESPONSEDUEBYTIME":"1475185322971","FR_DUETIME":"1475185322971","RESPONDEDTIME":"0","RESOLVEDTIME":"0","COMPLETEDTIME":"0","SHORTDESCRIPTION":"test","TIMESPENTONREQ":"0hrs 0min","SUBJECT":"test","REQUESTTEMPLATE":"Default Request","MODE":"Phone Call","SLA":"P1","DEPARTMENT":"","IS_CATALOG_TEMPLATE":"false","SITE":"","ISVIPUSER":"No","CATEGORY":"Application VBS","SUBCATEGORY":"","ITEM":"","TECHNICIAN":"","TECHNICIAN_LOGINNAME":"-","STATUS":"On Hold","PRIORITY":"P1","LEVEL":"Incident","CLOSURECODE":"","CLOSURECOMMENTS":"","YETTOREPLYCOUNT":"","GROUP":"1Ensono Bridge Group","DESCRIPTION":"test","Business Unit":"Employer Medical","Was a KA used":"No","Needs Review":"No","Reason":""}
2016-10-10 16:40:43 INFO  TMKIntegration:34 - End Function : TMKIntegrationTest
2016-10-10 16:40:43 INFO  TMKIntegration:41 - START Function : TMKIntegrationTest
2016-10-10 16:40:43 INFO  IncidentController:26 - START IncidentController: makeRequestWithJson()
2016-10-10 16:40:43 INFO  IncidentController:29 - END IncidentController: makeRequestWithJson()
2016-10-10 16:40:43 INFO  IncidentController:30 - #################RESPONSE JSON#################
2016-10-10 16:40:43 INFO  IncidentController:31 - {"EN_WORKORDERID":"52501","EN_REQUESTER":"SourabhTest","EN_CREATEDBY":"Verma, Sourabh","EN_CREATEDTIME":"1475184422971","EN_DUEBYTIME":"1475242022971","EN_RESPONSEDUEBYTIME":"1475185322971","EN_FR_DUETIME":"1475185322971","EN_RESPONDEDTIME":"0","EN_RESOLVEDTIME":"0","EN_COMPLETEDTIME":"0","EN_SHORTDESCRIPTION":"test","EN_TIMESPENTONREQ":"0hrs 0min","EN_SUBJECT":"test","EN_REQUESTTEMPLATE":"Default Request","EN_MODE":"Phone Call","EN_SLA":"P1","EN_DEPARTMENT":"","EN_IS_CATALOG_TEMPLATE":"false","EN_SITE":"","EN_ISVIPUSER":"No","EN_CATEGORY":"Application VBS","EN_SUBCATEGORY":"","EN_ITEM":"","EN_TECHNICIAN":"","EN_TECHNICIAN_LOGINNAME":"-","EN_STATUS":"On Hold","EN_PRIORITY":"P1","EN_LEVEL":"Incident","EN_CLOSURECODE":"","EN_CLOSURECOMMENTS":"","EN_YETTOREPLYCOUNT":"","EN_GROUP":"1Ensono Bridge Group","EN_DESCRIPTION":"test","Business Unit":"Employer Medical","Was a KA used":"No","Needs Review":"No","EN_Reason":""}
2016-10-10 16:40:43 INFO  IncidentController:32 - #################RESPONSE JSON#################
2016-10-10 16:40:43 INFO  IncidentController:37 - START IncidentController: makeRequestWithXML()
2016-10-10 16:40:43 INFO  IncidentController:40 - END IncidentController: makeRequestWithXML()
2016-10-10 16:40:43 INFO  IncidentController:41 - #################RESPONSE XML#################
2016-10-10 16:40:43 INFO  IncidentController:42 - <EN_WORKORDERID>52501</EN_WORKORDERID><EN_REQUESTER>SourabhTest</EN_REQUESTER><EN_CREATEDBY>Verma, Sourabh</EN_CREATEDBY><EN_CREATEDTIME>1475184422971</EN_CREATEDTIME><EN_DUEBYTIME>1475242022971</EN_DUEBYTIME><EN_RESPONSEDUEBYTIME>1475185322971</EN_RESPONSEDUEBYTIME><EN_FR_DUETIME>1475185322971</EN_FR_DUETIME><EN_RESPONDEDTIME>0</EN_RESPONDEDTIME><EN_RESOLVEDTIME>0</EN_RESOLVEDTIME><EN_COMPLETEDTIME>0</EN_COMPLETEDTIME><EN_SHORTDESCRIPTION>test</EN_SHORTDESCRIPTION><EN_TIMESPENTONREQ>0hrs 0min</EN_TIMESPENTONREQ><EN_SUBJECT>test</EN_SUBJECT><EN_REQUESTTEMPLATE>Default Request</EN_REQUESTTEMPLATE><EN_MODE>Phone Call</EN_MODE><EN_SLA>P1</EN_SLA><EN_DEPARTMENT/><EN_IS_CATALOG_TEMPLATE>false</EN_IS_CATALOG_TEMPLATE><EN_SITE/><EN_ISVIPUSER>No</EN_ISVIPUSER><EN_CATEGORY>Application VBS</EN_CATEGORY><EN_SUBCATEGORY/><EN_ITEM/><EN_TECHNICIAN/><EN_TECHNICIAN_LOGINNAME>-</EN_TECHNICIAN_LOGINNAME><EN_STATUS>On Hold</EN_STATUS><EN_PRIORITY>P1</EN_PRIORITY><EN_LEVEL>Incident</EN_LEVEL><EN_CLOSURECODE/><EN_CLOSURECOMMENTS/><EN_YETTOREPLYCOUNT/><EN_GROUP>1Ensono Bridge Group</EN_GROUP><EN_DESCRIPTION>test</EN_DESCRIPTION><Business Unit>Employer Medical</Business Unit><Was a KA used>No</Was a KA used><Needs Review>No</Needs Review><EN_Reason/>
2016-10-10 16:40:43 INFO  IncidentController:43 - #################RESPONSE XML#################
2016-10-10 16:40:43 INFO  TMKIntegration:66 - End Function : TMKIntegrationTest
